with samedir=3 restriction:
thilo@Thilos-MBP aoc %  cd /Users/thilo/repo/aoc ; /usr/bin/env /usr/local/bin/python3 /Users/thilo/.vscode/extensions/m
s-python.python-2022.20.2/pythonFiles/lib/python/debugpy/adapter/../../debugpy/launcher 56934 -- /Users/thilo/repo/aoc/2
023/day17.py 
cost= 102
open: 20024 closed: 1476
102

allow samedir=inf:
thilo@Thilos-MBP aoc %  cd /Users/thilo/repo/aoc ; /usr/bin/env /usr/local/bin/python3 /Users/thilo/.vscode/extensions/m
s-python.python-2022.20.2/pythonFiles/lib/python/debugpy/adapter/../../debugpy/launcher 56947 -- /Users/thilo/repo/aoc/2
023/day17.py 
cost= 78
open: 10555 closed: 2013
78

Restriction 'samedir=3' means way more openlist nodes to test!
Try full data without restriction first..

reduce problem size:
make dest Node x=20,y=20
improve __lt__: 
    prefer smaller heu value (more greedy to target!)

thilo@Thilos-MBP aoc %  cd /Users/thilo/repo/aoc ; /usr/bin/env /usr/local/bin/python3 /Users/thilo/.vscode/extensions/m
s-python.python-2022.20.2/pythonFiles/lib/python/debugpy/adapter/../../debugpy/launcher 57095 -- /Users/thilo/repo/aoc/2
023/day17.py 
cost= 71
open: 12518 closed: 8822
steps: 40
71
thilo@Thilos-MBP aoc %  cd /Users/thilo/repo/aoc ; /usr/bin/env /usr/local/bin/python3 /Users/thilo/.vscode/extensions/m
s-python.python-2022.20.2/pythonFiles/lib/python/debugpy/adapter/../../debugpy/launcher 57105 -- /Users/thilo/repo/aoc/2
023/day17.py 
cost= 71
open: 2230 closed: 8268
steps: 40
71

full data, only >v and samedir=inf
heu*3 gives:
cost= 750
open: 4135 closed: 17166
steps: 280
750

repair Node priority (heu only, for targeted/greedy search)
cost= 1063
open: 509 closed: 280
steps: 280
1063
thilo@Thilos-MBP aoc %  cd /Users/thilo/repo/aoc ; /usr/bin/env /usr/local/bin/python3 /Users/thilo/.vscode/extensions/m
s-python.python-2022.20.2/pythonFiles/lib/python/debugpy/adapter/../../debugpy/launcher 58742 -- /Users/thilo/repo/aoc/2
023/day17.py 
cost= 1136
open: 513 closed: 286
steps: 286
1136

-----
# testing algo:
open:167 closed:1000
node=12 12 > 102 0 parents=28
open: 131 closed: 1328
steps: 28
102

# heu=dist*2:
open:141 closed:1000
node=12 12 > 102 0 parents=28
open: 96 closed: 1462
steps: 28
102

# heu=dist*9:
node=12 12 > 119 0 parents=26
open: 43 closed: 30
steps: 26
119

# heu=0: uninformed search (Dijkstra)
open:121 closed:1000
node=12 12 > 102 0 parents=28
open: 74 closed: 1564
steps: 28
102

-----
introducing vizualization - now we know algo progress :)
see day17_viz2.py (start with SPACE)

node=140 140 > 788 0 parents=352
open: 150 closed: 19090
steps: 352
788

-----
introducing timings - now we know algo run time :)

# dest=30,30:
open:70 closed:1000 time:3.118007183074951
node=30 30 > 125 0 parents=64
open: 60 closed: 1201
steps: 64
125
time total: 3.5366783142089844 s or 0.05894463857014974 min

# dest=140,140:
# with simplified Node.equals (x,y only) for smallest search space
open:162 closed:18000 time:68.98262000083923
open:168 closed:19000 time:75.52856206893921
node=140 140 > 788 0 parents=352
open: 150 closed: 19090
steps: 352
788
time total: 76.16226696968079 s or 1.2693711161613463 min

# with Node.equals (x,y,dir) for medium search space
open:752 closed:73000 time:1007.5648229122162
open:746 closed:74000 time:1034.9993329048157
node=140 140 > 773 0 parents=344
open: 693 closed: 74471
steps: 344
773
time total: 1048.1228399276733 s or 17.468713998794556 min

# with Node.equals (x,y,dir,samedir) for large search space
open:2217 closed:215000 time:9823.267472982407
open:2197 closed:216000 time:9910.121576070786
node=140 140 > 758 0 parents=348
open: 2245 closed: 216759
steps: 348
758
time total: 9985.568773984909 s or 166.42614623308182 min
