64799 -- /Users/thilo/repo/aoc/2023/day17b_viz2.py 
pygame 2.5.2 (SDL 2.28.3, Python 3.11.7)
Hello from the pygame community. https://www.pygame.org/contribute.html
2024-02-06 22:14:57.166 Python[15481:1011312] WARNING: Secure coding is not enabled for restorable state! Enable secure coding by implementing NSApplicationDelegate.applicationSupportsSecureRestorableState: and returning YES.
open:354 closed:1000 time:13.097084760665894
open:448 closed:2000 time:17.585774898529053
open:552 closed:3000 time:21.54673194885254
open:696 closed:4000 time:24.61989402770996
open:696 closed:5000 time:27.972343921661377
open:772 closed:6000 time:31.643090963363647
open:866 closed:7000 time:36.123404026031494
open:822 closed:8000 time:40.6733820438385
open:926 closed:9000 time:46.45142912864685
open:1046 closed:10000 time:56.735450983047485
open:1078 closed:11000 time:66.87517881393433
open:1144 closed:12000 time:79.2058527469635
open:1118 closed:13000 time:89.55174398422241
open:1106 closed:14000 time:100.32309484481812
open:1146 closed:15000 time:110.19457197189331
open:1172 closed:16000 time:120.60391497612
open:1232 closed:17000 time:131.80965399742126
open:1236 closed:18000 time:143.96113085746765
open:1270 closed:19000 time:158.42249584197998
open:1298 closed:20000 time:171.67481899261475
open:1400 closed:21000 time:185.19657111167908
open:1408 closed:22000 time:199.02852988243103
open:1480 closed:23000 time:213.8491849899292
open:1480 closed:24000 time:229.88974690437317
open:1558 closed:25000 time:245.76991200447083
open:1618 closed:26000 time:262.35437989234924
open:1726 closed:27000 time:279.8708667755127
open:1752 closed:28000 time:298.66000509262085
open:1804 closed:29000 time:318.3886649608612
open:1872 closed:30000 time:338.4672088623047
open:1918 closed:31000 time:359.85248708724976
open:2000 closed:32000 time:381.5192348957062
open:2012 closed:33000 time:403.7041599750519
open:2016 closed:34000 time:426.0384728908539
open:2024 closed:35000 time:447.7904019355774
open:2062 closed:36000 time:472.6888470649719
open:2036 closed:37000 time:497.307336807251
open:2132 closed:38000 time:522.2724549770355
open:2254 closed:39000 time:547.9672169685364
open:2238 closed:40000 time:573.7690079212189
open:2222 closed:41000 time:599.9893670082092
open:2044 closed:42000 time:626.0237419605255
open:1836 closed:43000 time:653.688441991806
open:1702 closed:44000 time:681.002418756485
open:1680 closed:45000 time:709.4947030544281
open:1608 closed:46000 time:738.4007468223572
open:1610 closed:47000 time:769.5637149810791
open:1588 closed:48000 time:802.2694098949432
open:1506 closed:49000 time:834.3362438678741
open:1504 closed:50000 time:868.8682019710541
open:1530 closed:51000 time:903.027468919754
open:1536 closed:52000 time:938.0293669700623
open:1492 closed:53000 time:975.2097210884094
open:1462 closed:54000 time:1012.2106280326843
open:1444 closed:55000 time:1050.4173188209534
open:1420 closed:56000 time:1088.0431258678436
open:1424 closed:57000 time:1126.8478608131409
open:1424 closed:58000 time:1165.3409960269928
open:1446 closed:59000 time:1204.695102930069
open:1456 closed:60000 time:1245.2996909618378
open:1470 closed:61000 time:1285.3171219825745
open:1472 closed:62000 time:1325.7099759578705
open:1450 closed:63000 time:1366.5645849704742
open:1436 closed:64000 time:1408.571499824524
open:1496 closed:65000 time:1451.9646928310394
open:1460 closed:66000 time:1495.5195078849792
open:1452 closed:67000 time:1539.86958193779
open:1550 closed:68000 time:1585.7228899002075
open:1558 closed:69000 time:1631.5092718601227
open:1544 closed:70000 time:1678.0322558879852
open:1586 closed:71000 time:1725.1328279972076
open:1586 closed:72000 time:1773.0194399356842
open:1622 closed:73000 time:1822.2903759479523
open:1596 closed:74000 time:1872.0443089008331
open:1588 closed:75000 time:1922.5761120319366
node=140 140 ^ 768 0 parents=197
open: 1421 closed: 75634
steps: 197
768
time total: 1953.62197804451 s or 32.56036630074183 min

-> plot nodes=f(t)

-----
# part 2 'ultra crucibles' 4..10 steps:
open:2444 closed:77000 time:4157.626561880112
node=140 140 < 900 0 parents=52
open: 1549 closed: 77974
steps: 52
900
time total: 4250.6459448337555 s or 70.84409908056259 min
20

900 is wrong
895 is right? no, too high!

# retry, disable heu and remove break.. find a lower cost solution?
open:456 closed:79000 time:4442.736175060272
node=140 140 < 895 0 parents=54
node=140 140 > 895 0 parents=54
node=140 140 v 903 0 parents=53
node=140 140 ^ 903 0 parents=53
open: 0 closed: 79524
steps: 53
895
time total: 4484.293341159821 s or 74.73822235266367 min

4 solutions found. Still nothing better :(
800 is too low (manual test)

# finally accepted result:
2023/day17b-retry.py 
758
892
# unclear where diff=3 happens :(

# fixed search seed 'todo':
2023/day17-complex.py 
758 892

# fixed search init 'startv':
2023/day17b_viz2.py
open:452 closed:79000 time:5876.033483982086
node=140 140 > 893 0 parents=51
node=140 140 < 893 0 parents=51
node=140 140 ^ 899 0 parents=50
node=140 140 v 899 0 parents=50
open: 0 closed: 79524
steps: 50
893
time total: 5934.560034990311 s or 98.90933391650518 min
# off-by-one :(
# is the start tile? grid[0][0]==1, maybe yes!