148000
149000
Path found:
#●########################################################################################################################
#●.......................................................................................................................#
#●●●●●...................................................................................................................#
#.●..●●..................................................................................................................#
#.....●●●●●●●●●●.........................................................................................................#
#.......●●...●.●.........................................................................................................#
#.......●......●.........................................................................................................#
#.......●......●●........................................................................................................#
#...............●........................................................................................................#
#...............●●●●.....................................................................................................#
#.................●...●●●●●..............................................................................................#
#.................●●●●●...●..............................................................................................#
#.........................●........●●●...................................................................................#
#.........................●●.......●.●●...............................................................●..................#
#..........................●●●.●●●●●..●●●●..●●●●●.....................................................●●●●.●●............#
#............................●●●.........●●●●..●●●●●●●................................................●..●●●●............#
#....................................................●●●..........................................●●●●●....●●●...........#
#......................................................●.....................................●●...●●.........●...........#
#......................................................●●●●●●.............................●●●●●●●●●.........●●...........#
#...........................................................●............................●●●●●..............●●●●●........#
#...........................................................●....................●...●●●●●.....................●●........#
#...........................................................●●●●●...............●●●●●●●.........................●........#
#...............................................................●........●●●●●●●●...............................●●●●●●●●●#
#...............................................................●●●●●....●.....●●.......................................●#
#..................................................................●●...●●.....●●●●.....................................●#
#..................................................................●●●●●●......●.●●.....................................●#
########################################################################################################################●#
dist: 280 minutes
search nodes expanded: 150596
thilo@Thilos-MBP day24 % 