2634000
Path found:
#●########################################################################################################################
#●.......................................................................................................................#
#●●●●●...................................................................................................................#
#.●..●●..................................................................................................................#
#.....●●●●●●●●●●.........................................................................................................#
#.......●●...●.●.........................................................................................................#
#.......●......●.........................................................................................................#
#.......●......●●........................................................................................................#
#...............●........................................................................................................#
#...............●●●●.....................................................................................................#
#.................●...●●●●●..............................................................................................#
#.................●●●●●...●..............................................................................................#
#.........................●........●●●...................................................................................#
#.........................●●.......●.●●...............................................................●..................#
#..........................●●●.●●●●●..●●●●..●●●●●.....................................................●●●●.●●............#
#............................●●●.........●●●●..●●●●●●●................................................●..●●●●............#
#....................................................●●●..........................................●●●●●....●●●...........#
#......................................................●.....................................●●...●●.........●...........#
#......................................................●●●●●●.............................●●●●●●●●●.........●●...........#
#...........................................................●............................●●●●●..............●●●●●........#
#...........................................................●....................●...●●●●●.....................●●........#
#...........................................................●●●●●...............●●●●●●●.........................●........#
#...............................................................●........●●●●●●●●...............................●●●●●●●●●#
#...............................................................●●●●●....●.....●●.......................................●#
#..................................................................●●...●●.....●●●●.....................................●#
#..................................................................●●●●●●......●.●●.....................................●#
########################################################################################################################●#
dist: 1500 minutes
search nodes expanded: 2634025
thilo@Thilos-MBP day24 % 