thilo@Thilos-MBP aoc2023 %  cd /Users/thilo/repo/aoc2023 ; /usr/bin/env /usr/local/bin/python3 /Users/thilo/.vscod
e/extensions/ms-python.python-2022.20.2/pythonFiles/lib/python/debugpy/adapter/../../debugpy/launcher 54149 -- /Us
ers/thilo/repo/aoc2023/day16.py 
thilo@Thilos-MBP aoc2023 %  cd /Users/thilo/repo/aoc2023 ; /usr/bin/env /usr/local/bin/python3 /Users/thilo/.vscod
e/extensions/ms-python.python-2022.20.2/pythonFiles/lib/python/debugpy/adapter/../../debugpy/launcher 54198 -- /Us
ers/thilo/repo/aoc2023/day16.py 
['.|...\\....', '|.-.\\.....', '.....|-...', '........|.', '..........', '.........\\', '..../.\\\\..', '.-.-/..|..', '.|....-|.\\', '..//.|....']
thilo@Thilos-MBP aoc2023 %  cd /Users/thilo/repo/aoc2023 ; /usr/bin/env /usr/local/bin/python3 /Users/thilo/.vscod
e/extensions/ms-python.python-2022.20.2/pythonFiles/lib/python/debugpy/adapter/../../debugpy/launcher 54208 -- /Us
ers/thilo/repo/aoc2023/day16.py 
.|...\....|.-.\..........|-...........|....................\..../.\\...-.-/..|...|....-|.\..//.|....
thilo@Thilos-MBP aoc2023 %  cd /Users/thilo/repo/aoc2023 ; /usr/bin/env /usr/local/bin/python3 /Users/thilo/.vscod
e/extensions/ms-python.python-2022.20.2/pythonFiles/lib/python/debugpy/adapter/../../debugpy/launcher 54214 -- /Us
ers/thilo/repo/aoc2023/day16.py 
thilo@Thilos-MBP aoc2023 %  cd /Users/thilo/repo/aoc2023 ; /usr/bin/env /usr/local/bin/python3 /Users/thilo/.vscod
e/extensions/ms-python.python-2022.20.2/pythonFiles/lib/python/debugpy/adapter/../../debugpy/launcher 54231 -- /Us
ers/thilo/repo/aoc2023/day16.py 
.|...\....
|.-.\.....
.....|-...
........|.
..........
.........\
..../.\\..
.-.-/..|..
.|....-|.\
..//.|....
thilo@Thilos-MBP aoc2023 %  cd /Users/thilo/repo/aoc2023 ; /usr/bin/env /usr/local/bin/python3 /Users/thilo/.vscod
e/extensions/ms-python.python-2022.20.2/pythonFiles/lib/python/debugpy/adapter/../../debugpy/launcher 54770 -- /Us
ers/thilo/repo/aoc2023/day16.py 
.|...\....
|.-.\.....
.....|-...
........|.
..........
.........\
..../.\\..
.-.-/..|..
.|....-|.\
..//.|....
0
thilo@Thilos-MBP aoc2023 %  cd /Users/thilo/repo/aoc2023 ; /usr/bin/env /usr/local/bin/python3 /Users/thilo/.vscod
e/extensions/ms-python.python-2022.20.2/pythonFiles/lib/python/debugpy/adapter/../../debugpy/launcher 54854 -- /Us
ers/thilo/repo/aoc2023/day16.py 
.|...\....
|.-.\.....
.....|-...
........|.
..........
.........\
..../.\\..
.-.-/..|..
.|....-|.\
..//.|....
thilo@Thilos-MBP aoc2023 %  cd /Users/thilo/repo/aoc2023 ; /usr/bin/env /usr/local/bin/python3 /Users/thilo/.vscod
e/extensions/ms-python.python-2022.20.2/pythonFiles/lib/python/debugpy/adapter/../../debugpy/launcher 56312 -- /Us
ers/thilo/repo/aoc2023/day16.py 
.|...\....
|.-.\.....
.....|-...
........|.
..........
.........\
..../.\\..
.-.-/..|..
.|....-|.\
..//.|....
thilo@Thilos-MBP aoc2023 %  cd /Users/thilo/repo/aoc2023 ; /usr/bin/env /usr/local/bin/python3 /Users/thilo/.vscod
e/extensions/ms-python.python-2022.20.2/pythonFiles/lib/python/debugpy/adapter/../../debugpy/launcher 56419 -- /Us
ers/thilo/repo/aoc2023/day16.py 
.|...\....
|.-.\.....
.....|-...
........|.
..........
.........\
..../.\\..
.-.-/..|..
.|....-|.\
..//.|....
thilo@Thilos-MBP aoc2023 %  cd /Users/thilo/repo/aoc2023 ; /usr/bin/env /usr/local/bin/python3 /Users/thilo/.vscod
e/extensions/ms-python.python-2022.20.2/pythonFiles/lib/python/debugpy/adapter/../../debugpy/launcher 56602 -- /Us
ers/thilo/repo/aoc2023/day16.py 
.|...\....
|.-.\.....
.....|-...
........|.
..........
.........\
..../.\\..
.-.-/..|..
.|....-|.\
..//.|....
thilo@Thilos-MBP aoc2023 %  cd /Users/thilo/repo/aoc2023 ; /usr/bin/env /usr/local/bin/python3 /Users/thilo/.vscod
e/extensions/ms-python.python-2022.20.2/pythonFiles/lib/python/debugpy/adapter/../../debugpy/launcher 56631 -- /Us
ers/thilo/repo/aoc2023/day16.py 
.|...\....
|.-.\.....
.....|-...
........|.
..........
.........\
..../.\\..
.-.-/..|..
.|....-|.\
..//.|....
thilo@Thilos-MBP aoc2023 %  cd /Users/thilo/repo/aoc2023 ; /usr/bin/env /usr/local/bin/python3 /Users/thilo/.vscod
e/extensions/ms-python.python-2022.20.2/pythonFiles/lib/python/debugpy/adapter/../../debugpy/launcher 56698 -- /Us
ers/thilo/repo/aoc2023/day16.py 
.|...\....
|.-.\.....
.....|-...
........|.
..........
.........\
..../.\\..
.-.-/..|..
.|....-|.\
..//.|....
thilo@Thilos-MBP aoc2023 %  cd /Users/thilo/repo/aoc2023 ; /usr/bin/env /usr/local/bin/python3 /Users/thilo/.vscod
e/extensions/ms-python.python-2022.20.2/pythonFiles/lib/python/debugpy/adapter/../../debugpy/launcher 57401 -- /Us
ers/thilo/repo/aoc2023/day16.py 
.|...\....
|.-.\.....
.....|-...
........|.
..........
.........\
..../.\\..
.-.-/..|..
.|....-|.\
..//.|....
thilo@Thilos-MBP aoc2023 %  cd /Users/thilo/repo/aoc2023 ; /usr/bin/env /usr/local/bin/python3 /Users/thilo/.vscod
e/extensions/ms-python.python-2022.20.2/pythonFiles/lib/python/debugpy/adapter/../../debugpy/launcher 57521 -- /Us
ers/thilo/repo/aoc2023/day16.py 
.|...\....
|.-.\.....
.....|-...
........|.
..........
.........\
..../.\\..
.-.-/..|..
.|....-|.\
..//.|....
thilo@Thilos-MBP aoc2023 %  cd /Users/thilo/repo/aoc2023 ; /usr/bin/env /usr/local/bin/python3 /Users/thilo/.vscod
e/extensions/ms-python.python-2022.20.2/pythonFiles/lib/python/debugpy/adapter/../../debugpy/launcher 58310 -- /Us
ers/thilo/repo/aoc2023/day16.py 
.|...\....
|.-.\.....
.....|-...
........|.
..........
.........\
..../.\\..
.-.-/..|..
.|....-|.\
..//.|....
thilo@Thilos-MBP aoc2023 %  cd /Users/thilo/repo/aoc2023 ; /usr/bin/env /usr/local/bin/python3 /Users/thilo/.vscod
e/extensions/ms-python.python-2022.20.2/pythonFiles/lib/python/debugpy/adapter/../../debugpy/launcher 58397 -- /Us
ers/thilo/repo/aoc2023/day16.py 
.|...\....
|.-.\.....
.....|-...
........|.
..........
.........\
..../.\\..
.-.-/..|..
.|....-|.\
..//.|....
thilo@Thilos-MBP aoc2023 %  cd /Users/thilo/repo/aoc2023 ; /usr/bin/env /usr/local/bin/python3 /Users/thilo/.vscod
e/extensions/ms-python.python-2022.20.2/pythonFiles/lib/python/debugpy/adapter/../../debugpy/launcher 58703 -- /Us
ers/thilo/repo/aoc2023/day16.py 
.|...\....
|.-.\.....
.....|-...
........|.
..........
.........\
..../.\\..
.-.-/..|..
.|....-|.\
..//.|....
thilo@Thilos-MBP aoc2023 %  cd /Users/thilo/repo/aoc2023 ; /usr/bin/env /usr/local/bin/python3 /Users/thilo/.vscod
e/extensions/ms-python.python-2022.20.2/pythonFiles/lib/python/debugpy/adapter/../../debugpy/launcher 58738 -- /Us
ers/thilo/repo/aoc2023/day16.py 
.|...\....
|.-.\.....
.....|-...
........|.
..........
.........\
..../.\\..
.-.-/..|..
.|....-|.\
..//.|....
thilo@Thilos-MBP aoc2023 %  cd /Users/thilo/repo/aoc2023 ; /usr/bin/env /usr/local/bin/python3 /Users/thilo/.vscod
e/extensions/ms-python.python-2022.20.2/pythonFiles/lib/python/debugpy/adapter/../../debugpy/launcher 58744 -- /Us
ers/thilo/repo/aoc2023/day16.py 
Traceback (most recent call last):
  File "/usr/local/Cellar/python@3.11/3.11.6_1/Frameworks/Python.framework/Versions/3.11/lib/python3.11/runpy.py", line 198, in _run_module_as_main
    return _run_code(code, main_globals, None,
           ^^^^^^^^^^^^^^^^^^^^^^^^^^^^^^^^^^^
  File "/usr/local/Cellar/python@3.11/3.11.6_1/Frameworks/Python.framework/Versions/3.11/lib/python3.11/runpy.py", line 88, in _run_code
    exec(code, run_globals)
  File "/Users/thilo/.vscode/extensions/ms-python.python-2022.20.2/pythonFiles/lib/python/debugpy/adapter/../../debugpy/launcher/../../debugpy/__main__.py", line 39, in <module>
    cli.main()
  File "/Users/thilo/.vscode/extensions/ms-python.python-2022.20.2/pythonFiles/lib/python/debugpy/adapter/../../debugpy/launcher/../../debugpy/../debugpy/server/cli.py", line 430, in main
    run()
  File "/Users/thilo/.vscode/extensions/ms-python.python-2022.20.2/pythonFiles/lib/python/debugpy/adapter/../../debugpy/launcher/../../debugpy/../debugpy/server/cli.py", line 284, in run_file
    runpy.run_path(target, run_name="__main__")
  File "/Users/thilo/.vscode/extensions/ms-python.python-2022.20.2/pythonFiles/lib/python/debugpy/_vendored/pydevd/_pydevd_bundle/pydevd_runpy.py", line 320, in run_path
    code, fname = _get_code_from_file(run_name, path_name)
                  ^^^^^^^^^^^^^^^^^^^^^^^^^^^^^^^^^^^^^^^^
  File "/Users/thilo/.vscode/extensions/ms-python.python-2022.20.2/pythonFiles/lib/python/debugpy/_vendored/pydevd/_pydevd_bundle/pydevd_runpy.py", line 294, in _get_code_from_file
    code = compile(f.read(), fname, 'exec')
           ^^^^^^^^^^^^^^^^^^^^^^^^^^^^^^^^
  File "/Users/thilo/repo/aoc2023/day16.py", line 79
    next=None, next2=None
    ^^^^^^^^^
SyntaxError: invalid syntax. Maybe you meant '==' or ':=' instead of '='?
thilo@Thilos-MBP aoc2023 %  cd /Users/thilo/repo/aoc2023 ; /usr/bin/env /usr/local/bin/python3 /Users/thilo/.vscod
e/extensions/ms-python.python-2022.20.2/pythonFiles/lib/python/debugpy/adapter/../../debugpy/launcher 58751 -- /Us
ers/thilo/repo/aoc2023/day16.py 
.|...\....
|.-.\.....
.....|-...
........|.
..........
.........\
..../.\\..
.-.-/..|..
.|....-|.\
..//.|....
thilo@Thilos-MBP aoc2023 %  cd /Users/thilo/repo/aoc2023 ; /usr/bin/env /usr/local/bin/python3 /Users/thilo/.vscod
e/extensions/ms-python.python-2022.20.2/pythonFiles/lib/python/debugpy/adapter/../../debugpy/launcher 58866 -- /Us
ers/thilo/repo/aoc2023/day16.py 
.|...\....
|.-.\.....
.....|-...
........|.
..........
.........\
..../.\\..
.-.-/..|..
.|....-|.\
..//.|....
0
thilo@Thilos-MBP aoc2023 %  cd /Users/thilo/repo/aoc2023 ; /usr/bin/env /usr/local/bin/python3 /Users/thilo/.vscod
e/extensions/ms-python.python-2022.20.2/pythonFiles/lib/python/debugpy/adapter/../../debugpy/launcher 58955 -- /Us
ers/thilo/repo/aoc2023/day16.py 
.|...\....
|.-.\.....
.....|-...
........|.
..........
.........\
..../.\\..
.-.-/..|..
.|....-|.\
..//.|....
open: 0 closed: 51
0
thilo@Thilos-MBP aoc2023 %  cd /Users/thilo/repo/aoc2023 ; /usr/bin/env /usr/local/bin/python3 /Users/thilo/.vscod
e/extensions/ms-python.python-2022.20.2/pythonFiles/lib/python/debugpy/adapter/../../debugpy/launcher 58999 -- /Us
ers/thilo/repo/aoc2023/day16.py 
.|...\....
|.-.\.....
.....|-...
........|.
..........
.........\
..../.\\..
.-.-/..|..
.|....-|.\
..//.|....
open: 0 closed: 51
Traceback (most recent call last):
  File "/Users/thilo/repo/aoc2023/day16.py", line 99, in <module>
    total=sum(map(lambda x: (x[0],x[1]), closedlist))
          ^^^^^^^^^^^^^^^^^^^^^^^^^^^^^^^^^^^^^^^^^^^
TypeError: unsupported operand type(s) for +: 'int' and 'tuple'
thilo@Thilos-MBP aoc2023 %  cd /Users/thilo/repo/aoc2023 ; /usr/bin/env /usr/local/bin/python3 /Users/thilo/.vscod
e/extensions/ms-python.python-2022.20.2/pythonFiles/lib/python/debugpy/adapter/../../debugpy/launcher 59005 -- /Us
ers/thilo/repo/aoc2023/day16.py 
.|...\....
|.-.\.....
.....|-...
........|.
..........
.........\
..../.\\..
.-.-/..|..
.|....-|.\
..//.|....
open: 0 closed: 51
46
thilo@Thilos-MBP aoc2023 %  cd /Users/thilo/repo/aoc2023 ; /usr/bin/env /usr/local/bin/python3 /Users/thilo/.vscod
e/extensions/ms-python.python-2022.20.2/pythonFiles/lib/python/debugpy/adapter/../../debugpy/launcher 59030 -- /Us
ers/thilo/repo/aoc2023/day16.py 
\.-/...-\......../.|......|.........../..-..................|....-.\............................../...........
..........-.............\...\.........|..\.......................-..........-.......\.../.......-/............
........|.............-.....|..|........................\.\.../../.....-........................\.............
....../\.....................|........|.....-...........-..\......./-.............................-........./.
.\..\.............-........|.......|...|..............................-..-......-......|......................
..........|/...\.............\............../-......\.../........................./............./.../......../
..............\......./..-...............|...........\...|............|...........-..-............|...........
..........-...............|..././...........................................|...........-.../.-.|.....|.......
.........-...|..................-...........\.-...................../.../........................|/......./...
.................................-.././...................|\..............|.........../.......................
.............../......-.................\....--.....-............................./.|./.................|.....
..../....|...|..................../....\...|............|...../.././../--......\.\....|.......-............\./
......\....-...|......\...........-......./..................../.....-..............\.............|......./...
............|.\...................|.........................|........\............................./.\.......|
............../...............................|.........../.................\-.................../........../.
.|....|...........|..................|......./|\\.|\.-...\..../.........//........|............../...........|
........................|.....--......|.............-..................\...../..../.......-....|...\..........
...............\........-........../...-|............\......./.\...........-|................/.-..............
..../....|.\.............|......|...............................................|.................\...........
.\...\......./.....|.\....|..................-../|-......................|.................-..|......\........
.../.........................................\.....././....................|.......-........-......\....|.....
.................\./\..-../......../...\................................-......-..\...........................
.......--..-........\/........./........../...............\..............\...-........-......-../.........|...
.|...............-........./..............\..\......................|......./..|..............-.......|.|.....
........./............\............|........\...|...\........-.......................|...................\....
..................-\......../.................\.......\.....|...........|..|-........\.............|.......\\.
...|.........../.......|...../...|...\........\\...................................-............-../...../....
......./....................|.........../...-................-....................\.......|...................
\....\.......................-.|.\...../..-...................|......................-..................../...
......|........-|...-/.|........................./.....|.....\.........-........-......-.............././.....
......|.............-.\...............................\..|....\..............|./..|./...\......./..........|\|
......././.\...................-...-............/...................|/..........-\./.................|........
.........|..........|\../.........\..............-.........\................../\./.............-..............
...\.......................\..................................\...........................................|...
...|........\..........|....|..../..|.........-\.................-...-..\.\.........\............|....|...//..
.././.....|.....-..........|.................\.........\........./......-...-.\.\.....................\.......
......./....\........\\..\...|...../.................|.......|.\.....\............................../\....\...
.........\......../.\............|...............................................................|/...........
.\.....-\-.........|.........|....|...........-....\.....|................\...............-............./.....
.....-..............................-.....-..........-..................../..../........................|.....
...........\...........-/....................-.....-............/........|........-/.........--./........-..\\
.|................................................|..................-.......|.............|\/................
.|.................-.-..........|.........................../..../....../.....\...../......./.................
........./..../..|..........\..................\....................................................../.......
.........\............|.../......../........|......................../..../...|.\...\......................|..
........./................\.............\........|....................\./......|.........-....../...../.......
..../.....|...../........-...................|............/.....||...............-....-.-.....................
\./...\.|...|.............|.......\....../|...\\/.|.../....-.........\\|..|....-........\............-.......|
......\-..............|.....\.....|...\..............................|.....................\......-.....|.....
......\.-..........-..|......................................-..../......................../........\.......|.
/...................-...\.........--.............................\...........\................|......./.......
.................-......-..../..\.............-./|......-....\...........-...................\.....|........-.
|........--.............\...-....|.......|.\............|...../\...........\/../............................-.
...|./-..\.|...........\........../..............................\......-.......-.....|..........-........./..
.......-|..................-..........|..-............................../.............|..|.||.................
....-......................\....\..................\......./............./..-........|..............-....|....
-..........-.........-.../|........--.............-................|..../|.................|..................
...\......./..\..\......./|.....|-.............-............................\..\......\...-..\...............\
./......................|..........\...........|.|.......\..........\......................................\..
................|...............-.../....\......./.\........-..............................|...-....-.........
..\.......................\..../..|.-.........-.............\.......|../.|.|..|........|..............-.......
...........\................\..........................\.....................\........|.......................
..........|....\.......\...........|...../......................................./...\.../........../.........
./...............\...........|..-....-./..\...\...\../...............-\............\....\............-........
././............|................|........../...\...../.............-....-.............\......................
....-.|..................../.............................-...............................|....................
..-......|....-.........-...\......\.........||....-.\............................-...|..............|........
........\...........\.-.......\.../.........\.../.....|.................../..|..|....\..../..-................
..........-..................\..|...|.|..\......................./...........-......./.............|..\...../.
.\......|\.|..\.......|\.-.......-........../........../..........\.........../.........|.....................
./..........|..................//.|......|........-...\...//............-.../..............|.......-....-.....
...............\......\........|.-................\......-...................|.............-............-.-...
...........................\/...........\../..\....................\...........|.............-..........-.....
.............../........\|.........\..........-......../............-..........|........|/....................
....\................-..................././........|.....|...........................-..|....................
\-............-.......\......\.................../.......-.../............/....-..\.......|................|..
.........................../....../.|...\/...\........-|.|.......\..-........-............................../.
.................\.....................|..........|.............|......|/.\..........................-........
....\../................................|.......-......|.................-......................|...-.../.....
....-.........|..../|..............................-|...............................-..-......\.....-.........
./\...............|.|..............-./..|........./...................................................\.......
..............-....\..|....../.....\.............\..............................-...-..../.....|..............
........-.........|..............................................-....\--...........|\...................../..
................/.|.................-....|......./............-...................../.-./\................|...
................|............................../..-./.....|..-........................./.....|..............-.
....../........../.......|...|.....\........./.............|..................................|.|.............
....................................................||.....|................/......-....../....../............
.........../.....\...................|...........\../....................................../.............../..
./.|............../.............................\..|....\-............./......................................
.........\................../-.....|...........\................|...../..................................|....
..|...../.....|...............\.....-.................................|/............-..|..-...|......-........
....|....-..............|.......|............./\-...........\//.........|...........\...../..............--...
.............-........\|...........................-....../....||............/......./....................../.
|..................-......\.........-.......|..............................\.|/..................\......\.-...
....../.......................|........|..|.\...........|.........\................\\..................\.../..
...........-....|...........||...-.......|.|....-.....\\-................|.........../..................\/....
................|.-.................|-./..-..|.........-..............-.........-../........................-.
.....................-.....................................|.........\......||./................|.............
............/...-............|......./......................................../..........................-....
..../.......\.-............|..........|....-...........\.-.................................\./...|............
...........|.-........|.|....-...........\......-...-..........|.\.|.|.....\....\............../..............
......\...\....../....\......\.|......................./.......................\.................../..../\....
...../.|...............|.../\.........................................-...........|./........................|
.........................-.-.......\./..........|.........|/.......-......................-...-..|\|........\.
..................|......-..................|..........\..-../........................-......\...\............
..|...............\.............../.........-./............../.../..../.|\......\..../-.....|....-.........|..
...-..-..............--...|...................................................|.-.../.../.....\.....\.........
.\./.../..............././.........\.........|..\..........\.................\..|.....-......-................
......-...................|../....................|...............|.............|/..\.......|........\......|.
......\/.....|................./..................................|.......|./........|.............-...-......
open: 0 closed: 11697
7979
thilo@Thilos-MBP aoc2023 %  cd /Users/thilo/repo/aoc2023 ; /usr/bin/env /usr/local/bin/python3 /Users/thilo/.vscod
e/extensions/ms-python.python-2022.20.2/pythonFiles/lib/python/debugpy/adapter/../../debugpy/launcher 59179 -- /Us
ers/thilo/repo/aoc2023/day16b.py 
\.-/...-\......../.|......|.........../..-..................|....-.\............................../...........
..........-.............\...\.........|..\.......................-..........-.......\.../.......-/............
........|.............-.....|..|........................\.\.../../.....-........................\.............
....../\.....................|........|.....-...........-..\......./-.............................-........./.
.\..\.............-........|.......|...|..............................-..-......-......|......................
..........|/...\.............\............../-......\.../........................./............./.../......../
..............\......./..-...............|...........\...|............|...........-..-............|...........
..........-...............|..././...........................................|...........-.../.-.|.....|.......
.........-...|..................-...........\.-...................../.../........................|/......./...
.................................-.././...................|\..............|.........../.......................
.............../......-.................\....--.....-............................./.|./.................|.....
..../....|...|..................../....\...|............|...../.././../--......\.\....|.......-............\./
......\....-...|......\...........-......./..................../.....-..............\.............|......./...
............|.\...................|.........................|........\............................./.\.......|
............../...............................|.........../.................\-.................../........../.
.|....|...........|..................|......./|\\.|\.-...\..../.........//........|............../...........|
........................|.....--......|.............-..................\...../..../.......-....|...\..........
...............\........-........../...-|............\......./.\...........-|................/.-..............
..../....|.\.............|......|...............................................|.................\...........
.\...\......./.....|.\....|..................-../|-......................|.................-..|......\........
.../.........................................\.....././....................|.......-........-......\....|.....
.................\./\..-../......../...\................................-......-..\...........................
.......--..-........\/........./........../...............\..............\...-........-......-../.........|...
.|...............-........./..............\..\......................|......./..|..............-.......|.|.....
........./............\............|........\...|...\........-.......................|...................\....
..................-\......../.................\.......\.....|...........|..|-........\.............|.......\\.
...|.........../.......|...../...|...\........\\...................................-............-../...../....
......./....................|.........../...-................-....................\.......|...................
\....\.......................-.|.\...../..-...................|......................-..................../...
......|........-|...-/.|........................./.....|.....\.........-........-......-.............././.....
......|.............-.\...............................\..|....\..............|./..|./...\......./..........|\|
......././.\...................-...-............/...................|/..........-\./.................|........
.........|..........|\../.........\..............-.........\................../\./.............-..............
...\.......................\..................................\...........................................|...
...|........\..........|....|..../..|.........-\.................-...-..\.\.........\............|....|...//..
.././.....|.....-..........|.................\.........\........./......-...-.\.\.....................\.......
......./....\........\\..\...|...../.................|.......|.\.....\............................../\....\...
.........\......../.\............|...............................................................|/...........
.\.....-\-.........|.........|....|...........-....\.....|................\...............-............./.....
.....-..............................-.....-..........-..................../..../........................|.....
...........\...........-/....................-.....-............/........|........-/.........--./........-..\\
.|................................................|..................-.......|.............|\/................
.|.................-.-..........|.........................../..../....../.....\...../......./.................
........./..../..|..........\..................\....................................................../.......
.........\............|.../......../........|......................../..../...|.\...\......................|..
........./................\.............\........|....................\./......|.........-....../...../.......
..../.....|...../........-...................|............/.....||...............-....-.-.....................
\./...\.|...|.............|.......\....../|...\\/.|.../....-.........\\|..|....-........\............-.......|
......\-..............|.....\.....|...\..............................|.....................\......-.....|.....
......\.-..........-..|......................................-..../......................../........\.......|.
/...................-...\.........--.............................\...........\................|......./.......
.................-......-..../..\.............-./|......-....\...........-...................\.....|........-.
|........--.............\...-....|.......|.\............|...../\...........\/../............................-.
...|./-..\.|...........\........../..............................\......-.......-.....|..........-........./..
.......-|..................-..........|..-............................../.............|..|.||.................
....-......................\....\..................\......./............./..-........|..............-....|....
-..........-.........-.../|........--.............-................|..../|.................|..................
...\......./..\..\......./|.....|-.............-............................\..\......\...-..\...............\
./......................|..........\...........|.|.......\..........\......................................\..
................|...............-.../....\......./.\........-..............................|...-....-.........
..\.......................\..../..|.-.........-.............\.......|../.|.|..|........|..............-.......
...........\................\..........................\.....................\........|.......................
..........|....\.......\...........|...../......................................./...\.../........../.........
./...............\...........|..-....-./..\...\...\../...............-\............\....\............-........
././............|................|........../...\...../.............-....-.............\......................
....-.|..................../.............................-...............................|....................
..-......|....-.........-...\......\.........||....-.\............................-...|..............|........
........\...........\.-.......\.../.........\.../.....|.................../..|..|....\..../..-................
..........-..................\..|...|.|..\......................./...........-......./.............|..\...../.
.\......|\.|..\.......|\.-.......-........../........../..........\.........../.........|.....................
./..........|..................//.|......|........-...\...//............-.../..............|.......-....-.....
...............\......\........|.-................\......-...................|.............-............-.-...
...........................\/...........\../..\....................\...........|.............-..........-.....
.............../........\|.........\..........-......../............-..........|........|/....................
....\................-..................././........|.....|...........................-..|....................
\-............-.......\......\.................../.......-.../............/....-..\.......|................|..
.........................../....../.|...\/...\........-|.|.......\..-........-............................../.
.................\.....................|..........|.............|......|/.\..........................-........
....\../................................|.......-......|.................-......................|...-.../.....
....-.........|..../|..............................-|...............................-..-......\.....-.........
./\...............|.|..............-./..|........./...................................................\.......
..............-....\..|....../.....\.............\..............................-...-..../.....|..............
........-.........|..............................................-....\--...........|\...................../..
................/.|.................-....|......./............-...................../.-./\................|...
................|............................../..-./.....|..-........................./.....|..............-.
....../........../.......|...|.....\........./.............|..................................|.|.............
....................................................||.....|................/......-....../....../............
.........../.....\...................|...........\../....................................../.............../..
./.|............../.............................\..|....\-............./......................................
.........\................../-.....|...........\................|...../..................................|....
..|...../.....|...............\.....-.................................|/............-..|..-...|......-........
....|....-..............|.......|............./\-...........\//.........|...........\...../..............--...
.............-........\|...........................-....../....||............/......./....................../.
|..................-......\.........-.......|..............................\.|/..................\......\.-...
....../.......................|........|..|.\...........|.........\................\\..................\.../..
...........-....|...........||...-.......|.|....-.....\\-................|.........../..................\/....
................|.-.................|-./..-..|.........-..............-.........-../........................-.
.....................-.....................................|.........\......||./................|.............
............/...-............|......./......................................../..........................-....
..../.......\.-............|..........|....-...........\.-.................................\./...|............
...........|.-........|.|....-...........\......-...-..........|.\.|.|.....\....\............../..............
......\...\....../....\......\.|......................./.......................\.................../..../\....
...../.|...............|.../\.........................................-...........|./........................|
.........................-.-.......\./..........|.........|/.......-......................-...-..|\|........\.
..................|......-..................|..........\..-../........................-......\...\............
..|...............\.............../.........-./............../.../..../.|\......\..../-.....|....-.........|..
...-..-..............--...|...................................................|.-.../.../.....\.....\.........
.\./.../..............././.........\.........|..\..........\.................\..|.....-......-................
......-...................|../....................|...............|.............|/..\.......|........\......|.
......\/.....|................./..................................|.......|./........|.............-...-......
open: 0 closed: 4
4
thilo@Thilos-MBP aoc2023 %  cd /Users/thilo/repo/aoc2023 ; /usr/bin/env /usr/local/bin/python3 /Users/thilo/.vscod
e/extensions/ms-python.python-2022.20.2/pythonFiles/lib/python/debugpy/adapter/../../debugpy/launcher 59184 -- /Us
ers/thilo/repo/aoc2023/day16b.py 
.|...\....
|.-.\.....
.....|-...
........|.
..........
.........\
..../.\\..
.-.-/..|..
.|....-|.\
..//.|....
open: 0 closed: 59
51
thilo@Thilos-MBP aoc2023 %  cd /Users/thilo/repo/aoc2023 ; /usr/bin/env /usr/local/bin/python3 /Users/thilo/.vscod
e/extensions/ms-python.python-2022.20.2/pythonFiles/lib/python/debugpy/adapter/../../debugpy/launcher 59358 -- /Us
ers/thilo/repo/aoc2023/day16b.py 
.|...\....
|.-.\.....
.....|-...
........|.
..........
.........\
..../.\\..
.-.-/..|..
.|....-|.\
..//.|....
open: 0 closed: 59
energized: 51 total: 51
51
thilo@Thilos-MBP aoc2023 %  cd /Users/thilo/repo/aoc2023 ; /usr/bin/env /usr/local/bin/python3 /Users/thilo/.vscod
e/extensions/ms-python.python-2022.20.2/pythonFiles/lib/python/debugpy/adapter/../../debugpy/launcher 59444 -- /Us
ers/thilo/repo/aoc2023/day16b.py 
.|...\....
|.-.\.....
.....|-...
........|.
..........
.........\
..../.\\..
.-.-/..|..
.|....-|.\
..//.|....
open: 0 closed: 10
energized: 10 total: 10
open: 0 closed: 10
energized: 10 total: 10
open: 0 closed: 51
energized: 46 total: 46
open: 0 closed: 5
energized: 5 total: 46
open: 0 closed: 50
energized: 45 total: 46
open: 0 closed: 51
energized: 45 total: 46
open: 0 closed: 10
energized: 10 total: 46
open: 0 closed: 7
energized: 7 total: 46
thilo@Thilos-MBP aoc2023 %  cd /Users/thilo/repo/aoc2023 ; /usr/bin/env /usr/local/bin/python3 /Users/thilo/.vscod
e/extensions/ms-python.python-2022.20.2/pythonFiles/lib/python/debugpy/adapter/../../debugpy/launcher 59466 -- /Us
ers/thilo/repo/aoc2023/day16b.py 
.|...\....
|.-.\.....
.....|-...
........|.
..........
.........\
..../.\\..
.-.-/..|..
.|....-|.\
..//.|....
energized: 10 total: 10
energized: 10 total: 10
energized: 46 total: 46
energized: 5 total: 46
energized: 45 total: 46
energized: 45 total: 46
energized: 10 total: 46
energized: 7 total: 46
energized: 23 total: 46
energized: 47 total: 47
energized: 49 total: 49
energized: 45 total: 49
energized: 51 total: 51
energized: 47 total: 51
energized: 18 total: 51
energized: 11 total: 51
energized: 7 total: 51
energized: 46 total: 51
energized: 10 total: 51
energized: 10 total: 51
energized: 5 total: 51
energized: 45 total: 51
energized: 13 total: 51
energized: 6 total: 51
energized: 47 total: 51
energized: 46 total: 51
energized: 22 total: 51
energized: 9 total: 51
energized: 9 total: 51
energized: 45 total: 51
energized: 45 total: 51
energized: 47 total: 51
energized: 10 total: 51
energized: 10 total: 51
energized: 46 total: 51
energized: 13 total: 51
energized: 6 total: 51
energized: 48 total: 51
energized: 30 total: 51
energized: 48 total: 51
51
thilo@Thilos-MBP aoc2023 %  cd /Users/thilo/repo/aoc2023 ; /usr/bin/env /usr/local/bin/python3 /Users/thilo/.vscod
e/extensions/ms-python.python-2022.20.2/pythonFiles/lib/python/debugpy/adapter/../../debugpy/launcher 59472 -- /Us
ers/thilo/repo/aoc2023/day16b.py 
.|...\....
|.-.\.....
.....|-...
........|.
..........
.........\
..../.\\..
.-.-/..|..
.|....-|.\
..//.|....
0
energized: 10 total: 10
energized: 10 total: 10
energized: 46 total: 46
energized: 5 total: 46
1
energized: 45 total: 46
energized: 45 total: 46
energized: 10 total: 46
energized: 7 total: 46
2
energized: 23 total: 46
energized: 47 total: 47
energized: 49 total: 49
energized: 45 total: 49
3
energized: 51 total: 51
energized: 47 total: 51
energized: 18 total: 51
energized: 11 total: 51
4
energized: 7 total: 51
energized: 46 total: 51
energized: 10 total: 51
energized: 10 total: 51
5
energized: 5 total: 51
energized: 45 total: 51
energized: 13 total: 51
energized: 6 total: 51
6
energized: 47 total: 51
energized: 46 total: 51
energized: 22 total: 51
energized: 9 total: 51
7
energized: 9 total: 51
energized: 45 total: 51
energized: 45 total: 51
energized: 47 total: 51
8
energized: 10 total: 51
energized: 10 total: 51
energized: 46 total: 51
energized: 13 total: 51
9
energized: 6 total: 51
energized: 48 total: 51
energized: 30 total: 51
energized: 48 total: 51
51
thilo@Thilos-MBP aoc2023 %  cd /Users/thilo/repo/aoc2023 ; /usr/bin/env /usr/local/bin/python3 /Users/thilo/.vscod
e/extensions/ms-python.python-2022.20.2/pythonFiles/lib/python/debugpy/adapter/../../debugpy/launcher 59478 -- /Us
ers/thilo/repo/aoc2023/day16b.py 
\.-/...-\......../.|......|.........../..-..................|....-.\............................../...........
..........-.............\...\.........|..\.......................-..........-.......\.../.......-/............
........|.............-.....|..|........................\.\.../../.....-........................\.............
....../\.....................|........|.....-...........-..\......./-.............................-........./.
.\..\.............-........|.......|...|..............................-..-......-......|......................
..........|/...\.............\............../-......\.../........................./............./.../......../
..............\......./..-...............|...........\...|............|...........-..-............|...........
..........-...............|..././...........................................|...........-.../.-.|.....|.......
.........-...|..................-...........\.-...................../.../........................|/......./...
.................................-.././...................|\..............|.........../.......................
.............../......-.................\....--.....-............................./.|./.................|.....
..../....|...|..................../....\...|............|...../.././../--......\.\....|.......-............\./
......\....-...|......\...........-......./..................../.....-..............\.............|......./...
............|.\...................|.........................|........\............................./.\.......|
............../...............................|.........../.................\-.................../........../.
.|....|...........|..................|......./|\\.|\.-...\..../.........//........|............../...........|
........................|.....--......|.............-..................\...../..../.......-....|...\..........
...............\........-........../...-|............\......./.\...........-|................/.-..............
..../....|.\.............|......|...............................................|.................\...........
.\...\......./.....|.\....|..................-../|-......................|.................-..|......\........
.../.........................................\.....././....................|.......-........-......\....|.....
.................\./\..-../......../...\................................-......-..\...........................
.......--..-........\/........./........../...............\..............\...-........-......-../.........|...
.|...............-........./..............\..\......................|......./..|..............-.......|.|.....
........./............\............|........\...|...\........-.......................|...................\....
..................-\......../.................\.......\.....|...........|..|-........\.............|.......\\.
...|.........../.......|...../...|...\........\\...................................-............-../...../....
......./....................|.........../...-................-....................\.......|...................
\....\.......................-.|.\...../..-...................|......................-..................../...
......|........-|...-/.|........................./.....|.....\.........-........-......-.............././.....
......|.............-.\...............................\..|....\..............|./..|./...\......./..........|\|
......././.\...................-...-............/...................|/..........-\./.................|........
.........|..........|\../.........\..............-.........\................../\./.............-..............
...\.......................\..................................\...........................................|...
...|........\..........|....|..../..|.........-\.................-...-..\.\.........\............|....|...//..
.././.....|.....-..........|.................\.........\........./......-...-.\.\.....................\.......
......./....\........\\..\...|...../.................|.......|.\.....\............................../\....\...
.........\......../.\............|...............................................................|/...........
.\.....-\-.........|.........|....|...........-....\.....|................\...............-............./.....
.....-..............................-.....-..........-..................../..../........................|.....
...........\...........-/....................-.....-............/........|........-/.........--./........-..\\
.|................................................|..................-.......|.............|\/................
.|.................-.-..........|.........................../..../....../.....\...../......./.................
........./..../..|..........\..................\....................................................../.......
.........\............|.../......../........|......................../..../...|.\...\......................|..
........./................\.............\........|....................\./......|.........-....../...../.......
..../.....|...../........-...................|............/.....||...............-....-.-.....................
\./...\.|...|.............|.......\....../|...\\/.|.../....-.........\\|..|....-........\............-.......|
......\-..............|.....\.....|...\..............................|.....................\......-.....|.....
......\.-..........-..|......................................-..../......................../........\.......|.
/...................-...\.........--.............................\...........\................|......./.......
.................-......-..../..\.............-./|......-....\...........-...................\.....|........-.
|........--.............\...-....|.......|.\............|...../\...........\/../............................-.
...|./-..\.|...........\........../..............................\......-.......-.....|..........-........./..
.......-|..................-..........|..-............................../.............|..|.||.................
....-......................\....\..................\......./............./..-........|..............-....|....
-..........-.........-.../|........--.............-................|..../|.................|..................
...\......./..\..\......./|.....|-.............-............................\..\......\...-..\...............\
./......................|..........\...........|.|.......\..........\......................................\..
................|...............-.../....\......./.\........-..............................|...-....-.........
..\.......................\..../..|.-.........-.............\.......|../.|.|..|........|..............-.......
...........\................\..........................\.....................\........|.......................
..........|....\.......\...........|...../......................................./...\.../........../.........
./...............\...........|..-....-./..\...\...\../...............-\............\....\............-........
././............|................|........../...\...../.............-....-.............\......................
....-.|..................../.............................-...............................|....................
..-......|....-.........-...\......\.........||....-.\............................-...|..............|........
........\...........\.-.......\.../.........\.../.....|.................../..|..|....\..../..-................
..........-..................\..|...|.|..\......................./...........-......./.............|..\...../.
.\......|\.|..\.......|\.-.......-........../........../..........\.........../.........|.....................
./..........|..................//.|......|........-...\...//............-.../..............|.......-....-.....
...............\......\........|.-................\......-...................|.............-............-.-...
...........................\/...........\../..\....................\...........|.............-..........-.....
.............../........\|.........\..........-......../............-..........|........|/....................
....\................-..................././........|.....|...........................-..|....................
\-............-.......\......\.................../.......-.../............/....-..\.......|................|..
.........................../....../.|...\/...\........-|.|.......\..-........-............................../.
.................\.....................|..........|.............|......|/.\..........................-........
....\../................................|.......-......|.................-......................|...-.../.....
....-.........|..../|..............................-|...............................-..-......\.....-.........
./\...............|.|..............-./..|........./...................................................\.......
..............-....\..|....../.....\.............\..............................-...-..../.....|..............
........-.........|..............................................-....\--...........|\...................../..
................/.|.................-....|......./............-...................../.-./\................|...
................|............................../..-./.....|..-........................./.....|..............-.
....../........../.......|...|.....\........./.............|..................................|.|.............
....................................................||.....|................/......-....../....../............
.........../.....\...................|...........\../....................................../.............../..
./.|............../.............................\..|....\-............./......................................
.........\................../-.....|...........\................|...../..................................|....
..|...../.....|...............\.....-.................................|/............-..|..-...|......-........
....|....-..............|.......|............./\-...........\//.........|...........\...../..............--...
.............-........\|...........................-....../....||............/......./....................../.
|..................-......\.........-.......|..............................\.|/..................\......\.-...
....../.......................|........|..|.\...........|.........\................\\..................\.../..
...........-....|...........||...-.......|.|....-.....\\-................|.........../..................\/....
................|.-.................|-./..-..|.........-..............-.........-../........................-.
.....................-.....................................|.........\......||./................|.............
............/...-............|......./......................................../..........................-....
..../.......\.-............|..........|....-...........\.-.................................\./...|............
...........|.-........|.|....-...........\......-...-..........|.\.|.|.....\....\............../..............
......\...\....../....\......\.|......................./.......................\.................../..../\....
...../.|...............|.../\.........................................-...........|./........................|
.........................-.-.......\./..........|.........|/.......-......................-...-..|\|........\.
..................|......-..................|..........\..-../........................-......\...\............
..|...............\.............../.........-./............../.../..../.|\......\..../-.....|....-.........|..
...-..-..............--...|...................................................|.-.../.../.....\.....\.........
.\./.../..............././.........\.........|..\..........\.................\..|.....-......-................
......-...................|../....................|...............|.............|/..\.......|........\......|.
......\/.....|................./..................................|.......|./........|.............-...-......
0
energized: 4 total: 4
energized: 35 total: 35
energized: 7979 total: 7979
energized: 7955 total: 7979
1
energized: 19 total: 7979
energized: 4 total: 7979
energized: 7947 total: 7979
energized: 7947 total: 7979
2
energized: 4 total: 7979
energized: 40 total: 7979
energized: 7992 total: 7992
energized: 7983 total: 7992
3
energized: 4 total: 7992
energized: 8188 total: 8188
energized: 10 total: 8188
energized: 7971 total: 8188
4
energized: 7998 total: 8188
energized: 29 total: 8188
energized: 7947 total: 8188
energized: 7962 total: 8188
5
energized: 47 total: 8188
energized: 8193 total: 8193
energized: 7960 total: 8193
energized: 20 total: 8193
6
energized: 10 total: 8193
energized: 7 total: 8193
energized: 7977 total: 8193
energized: 7955 total: 8193
7
energized: 7986 total: 8193
energized: 7951 total: 8193
energized: 74 total: 8193
energized: 7952 total: 8193
8
energized: 10 total: 8193
energized: 8000 total: 8193
energized: 59 total: 8193
energized: 52 total: 8193
9
energized: 67 total: 8193
energized: 8071 total: 8193
energized: 46 total: 8193
energized: 7964 total: 8193
10
energized: 7948 total: 8193
energized: 8030 total: 8193
energized: 7995 total: 8193
energized: 50 total: 8193
11
energized: 7957 total: 8193
energized: 7947 total: 8193
energized: 19 total: 8193
energized: 30 total: 8193
12
energized: 7974 total: 8193
energized: 29 total: 8193
energized: 7947 total: 8193
energized: 7947 total: 8193
13
energized: 47 total: 8193
energized: 7947 total: 8193
energized: 7982 total: 8193
energized: 30 total: 8193
14
energized: 8070 total: 8193
energized: 7952 total: 8193
energized: 7984 total: 8193
energized: 14 total: 8193
15
energized: 7977 total: 8193
energized: 82 total: 8193
energized: 7948 total: 8193
energized: 30 total: 8193
16
energized: 7947 total: 8193
energized: 7952 total: 8193
energized: 7963 total: 8193
energized: 29 total: 8193
17
energized: 10 total: 8193
energized: 119 total: 8193
energized: 7970 total: 8193
energized: 7947 total: 8193
18
energized: 8001 total: 8193
energized: 60 total: 8193
energized: 98 total: 8193
energized: 38 total: 8193
19
energized: 46 total: 8193
energized: 93 total: 8193
energized: 7947 total: 8193
energized: 29 total: 8193
20
energized: 49 total: 8193
energized: 7947 total: 8193
energized: 7986 total: 8193
energized: 50 total: 8193
21
energized: 73 total: 8193
energized: 105 total: 8193
energized: 7990 total: 8193
energized: 7947 total: 8193
22
energized: 8059 total: 8193
energized: 105 total: 8193
energized: 7947 total: 8193
energized: 7948 total: 8193
23
energized: 70 total: 8193
energized: 8437 total: 8437
energized: 7948 total: 8437
energized: 50 total: 8437
24
energized: 95 total: 8437
energized: 82 total: 8437
energized: 83 total: 8437
energized: 29 total: 8437
25
energized: 7967 total: 8437
energized: 15 total: 8437
energized: 7947 total: 8437
energized: 14 total: 8437
26
energized: 49 total: 8437
energized: 77 total: 8437
energized: 7949 total: 8437
energized: 7954 total: 8437
27
energized: 7978 total: 8437
energized: 7986 total: 8437
energized: 7954 total: 8437
energized: 7958 total: 8437
28
energized: 7957 total: 8437
energized: 7986 total: 8437
energized: 138 total: 8437
energized: 58 total: 8437
29
energized: 7986 total: 8437
energized: 7979 total: 8437
energized: 7951 total: 8437
energized: 7947 total: 8437
30
energized: 60 total: 8437
energized: 8002 total: 8437
energized: 7951 total: 8437
energized: 30 total: 8437
31
energized: 7960 total: 8437
energized: 8021 total: 8437
energized: 7964 total: 8437
energized: 7951 total: 8437
32
energized: 7962 total: 8437
energized: 7979 total: 8437
energized: 7953 total: 8437
energized: 7972 total: 8437
33
energized: 55 total: 8437
energized: 7967 total: 8437
energized: 7969 total: 8437
energized: 61 total: 8437
34
energized: 79 total: 8437
energized: 50 total: 8437
energized: 7971 total: 8437
energized: 7968 total: 8437
35
energized: 7947 total: 8437
energized: 15 total: 8437
energized: 41 total: 8437
energized: 45 total: 8437
36
energized: 46 total: 8437
energized: 8122 total: 8437
energized: 7999 total: 8437
energized: 7947 total: 8437
37
energized: 8042 total: 8437
energized: 7978 total: 8437
energized: 7969 total: 8437
energized: 7990 total: 8437
38
energized: 61 total: 8437
energized: 7947 total: 8437
energized: 23 total: 8437
thilo@Thilos-MBP aoc2023 % 