thilo@Thilos-MBP day12 %  cd /Users/thilo/repo/advent/day12 ; /usr/bin/env GOPATH=/Users/thilo/go /Users/thilo/go/bin/dlv dap --check-go
-version=false --client-addr=:57687 
Parsed map:
.................................................................................................................
.................................................................................................................
.................................................................................................................
.................................................................................................................
.................................................................................................................
.................................................................................................................
.................................................................................................................
.................................................................................................................
.................................................................................................................
.................................................................................................................
.................................................................................................................
.................................................................................................................
.................................................................................................................
.................................................................................................................
.................................................................................................................
.................................................................................................................
.................................................................................................................
.................................................................................................................
.................................................................................................................
.................................................................................................................
F.......................................................................................T........................
.................................................................................................................
.................................................................................................................
.................................................................................................................
.................................................................................................................
.................................................................................................................
.................................................................................................................
.................................................................................................................
.................................................................................................................
.................................................................................................................
.................................................................................................................
.................................................................................................................
.................................................................................................................
.................................................................................................................
.................................................................................................................
.................................................................................................................
.................................................................................................................
.................................................................................................................
.................................................................................................................
.................................................................................................................
.................................................................................................................
Path found:
.................................................................................................................
.................................................................................................................
.................................................................................................................
.................................................................................................................
.................................................................................................................
.................................................................................................................
.................................................................................................................
.................................................................................................................
.....................................................................................●●●●●●......................
....................................................................................●●....●●●....................
...................................................................................●●.......●●●●●●●●.............
...................................................................................●..●●●●●●.......●●●...........
.....................●●●●●●●●......................................................●.●●....●●........●...........
....................●●......●●●●●●●...............................................●●.●......●●●●●●●●.●●..........
...............●●●●●●.............●●●.............................................●..●..●●●●●......●..●..........
..............●●....................●.............................................●..●.●●...●●●●●●.●..●..........
..............●.....................●●●●●........................................●●..●.●.........●.●..●..........
..............●.........................●.......................................●●.●●●.●.........●.●..●..........
...●●●●●●●●●●●●.........................●●.....................................●●.●●..●●.........●.●..●..........
.●●●.....................................●....................................●●.●●.●●●..........●.●..●..........
●●.......................................●●●●●●●●●............................●..●..●...●●●......●.●..●..........
.................................................●●●●●●.......................●..●..●...●●●......●.●●.●●.........
......................................................●●●●●●●●●●..............●..●..●...●........●..●..●.........
...............................................................●..............●..●..●...●........●..●..●.........
...............................................................●●●............●..●●.●●●●●●..●●●●●●..●..●.........
.................................................................●●●●●●●●●....●●..●●●..●●●..●......●●..●.........
.........................................................................●.....●●...●●..●●●●●.●●●●●●..●●.........
.........................................................................●......●●●..●●.●....●●.......●..........
.........................................................................●●.......●●..●.●....●..●●●●●●●..........
..........................................................................●........●●.●●●●●●●●●●●................
..........................................................................●●●●●●●●..●..●.....●●..................
.................................................................................●●.●●.●●...●●...................
..................................................................................●..●..●●●●●....................
..................................................................................●●.●●..........................
...................................................................................●..●●●........................
...................................................................................●●...●........................
....................................................................................●●..●●●●●●...................
.....................................................................................●●●.....●...................
.......................................................................................●...●●●...................
.......................................................................................●.●●●.....................
.......................................................................................●●●.......................
0: a 0/20
1: b 1/20
2: b 1/19
3: c 2/19
4: c 3/19
5: c 3/18
6: c 4/18
7: c 5/18
8: c 6/18
9: c 7/18
10: c 8/18
11: c 9/18
12: c 10/18
13: c 11/18
14: c 12/18
15: c 13/18
16: c 14/18
17: c 14/17
18: c 14/16
19: c 14/15
20: c 15/15
21: c 15/14
22: c 16/14
23: c 17/14
24: c 18/14
25: c 19/14
26: c 20/14
27: c 20/13
28: c 21/13
29: c 21/12
30: c 22/12
31: c 23/12
32: c 24/12
33: c 25/12
34: c 26/12
35: c 27/12
36: c 28/12
37: c 28/13
38: c 29/13
39: c 30/13
40: c 31/13
41: c 32/13
42: c 33/13
43: c 34/13
44: c 34/14
45: c 35/14
46: c 36/14
47: c 36/15
48: c 36/16
49: c 37/16
50: c 38/16
51: c 39/16
52: c 40/16
53: c 40/17
54: c 40/18
55: c 41/18
56: c 41/19
57: c 41/20
58: c 42/20
59: c 43/20
60: c 44/20
61: c 45/20
62: c 46/20
63: c 47/20
64: c 48/20
65: c 49/20
66: c 49/21
67: c 50/21
68: c 51/21
69: c 52/21
70: c 53/21
71: c 54/21
72: c 54/22
73: c 55/22
74: c 56/22
75: c 57/22
76: c 58/22
77: c 59/22
78: c 60/22
79: c 61/22
80: c 62/22
81: c 63/22
82: c 63/23
83: c 63/24
84: c 64/24
85: c 65/24
86: c 65/25
87: c 66/25
88: c 67/25
89: c 68/25
90: c 69/25
91: c 70/25
92: c 71/25
93: c 72/25
94: c 73/25
95: c 73/26
96: c 73/27
97: c 73/28
98: c 74/28
99: c 74/29
100: c 74/30
101: c 75/30
102: c 76/30
103: c 77/30
104: c 78/30
105: c 79/30
106: c 80/30
107: c 81/30
108: c 81/31
109: c 82/31
110: c 82/32
111: c 82/33
112: c 83/33
113: c 83/34
114: c 83/35
115: c 84/35
116: c 84/36
117: c 85/36
118: c 85/37
119: c 86/37
120: c 87/37
121: c 87/38
122: c 87/39
123: c 87/40
124: c 88/40
125: c 89/40
126: c 89/39
127: c 90/39
128: c 91/39
129: c 91/38
130: c 92/38
131: c 93/38
132: c 93/37
133: d 93/36
134: e 92/36
135: e 91/36
136: e 90/36
137: e 89/36
138: e 88/36
139: e 88/35
140: e 88/34
141: e 87/34
142: e 86/34
143: e 86/33
144: e 85/33
145: f 85/32
146: f 85/31
147: f 84/31
148: f 84/30
149: f 84/29
150: f 83/29
151: f 83/28
152: f 82/28
153: f 82/27
154: f 81/27
155: f 80/27
156: g 80/26
157: g 79/26
158: g 79/25
159: g 78/25
160: g 78/24
161: g 78/23
162: g 78/22
163: g 78/21
164: g 78/20
165: g 78/19
166: g 79/19
167: h 79/18
168: h 80/18
169: h 80/17
170: h 81/17
171: h 81/16
172: h 82/16
173: h 82/15
174: h 82/14
175: h 82/13
176: h 83/13
177: h 83/12
178: i 83/11
179: i 83/10
180: i 84/10
181: i 84/9
182: i 85/9
183: i 85/8
184: i 86/8
185: i 87/8
186: i 88/8
187: i 89/8
188: i 90/8
189: i 90/9
190: j 91/9
191: j 92/9
192: j 92/10
193: j 93/10
194: j 94/10
195: j 95/10
196: j 96/10
197: j 97/10
198: j 98/10
199: k 99/10
200: k 99/11
201: k 100/11
202: k 101/11
203: k 101/12
204: k 101/13
205: k 102/13
206: k 102/14
207: k 102/15
208: k 102/16
209: k 102/17
210: l 102/18
211: l 102/19
212: l 102/20
213: l 102/21
214: l 103/21
215: l 103/22
216: l 103/23
217: l 103/24
218: l 103/25
219: m 103/26
220: m 102/26
221: m 102/27
222: m 102/28
223: m 101/28
224: m 100/28
225: m 99/28
226: m 98/28
227: m 97/28
228: m 96/28
229: m 96/29
230: k 95/29
231: k 94/29
232: k 94/30
233: k 93/30
234: k 93/31
235: k 92/31
236: k 92/32
237: k 91/32
238: k 90/32
239: k 89/32
240: k 88/32
241: k 88/31
242: l 87/31
243: l 87/30
244: l 87/29
245: l 86/29
246: l 86/28
247: l 86/27
248: l 85/27
249: l 85/26
250: l 84/26
251: l 84/25
252: l 83/25
253: l 82/25
254: m 82/24
255: m 81/24
256: m 81/23
257: m 81/22
258: m 81/21
259: m 81/20
260: m 81/19
261: m 82/19
262: m 82/18
263: m 83/18
264: n 83/17
265: n 84/17
266: n 85/17
267: n 85/16
268: n 85/15
269: n 85/14
270: n 85/13
271: n 85/12
272: n 86/12
273: n 86/11
274: n 87/11
275: n 88/11
276: o 89/11
277: o 90/11
278: o 91/11
279: o 91/12
280: o 92/12
281: o 92/13
282: o 93/13
283: o 94/13
284: o 95/13
285: o 96/13
286: p 97/13
287: p 98/13
288: p 99/13
289: p 99/14
290: p 99/15
291: p 99/16
292: p 99/17
293: p 99/18
294: p 99/19
295: p 99/20
296: q 99/21
297: q 100/21
298: q 100/22
299: q 100/23
300: q 100/24
301: q 100/25
302: q 99/25
303: q 99/26
304: q 98/26
305: q 97/26
306: q 96/26
307: r 95/26
308: r 94/26
309: r 94/27
310: r 93/27
311: r 93/28
312: r 93/29
313: r 92/29
314: r 91/29
315: r 90/29
316: r 89/29
317: r 88/29
318: r 88/28
319: s 88/27
320: s 88/26
321: s 88/25
322: s 87/25
323: s 87/24
324: s 86/24
325: s 85/24
326: s 84/24
327: s 84/23
328: s 84/22
329: s 84/21
330: t 84/20
331: t 84/19
332: t 85/19
333: t 86/19
334: t 86/18
335: t 87/18
336: t 87/17
337: t 87/16
338: t 87/15
339: t 88/15
340: t 88/14
341: t 89/14
342: u 90/14
343: u 91/14
344: u 92/14
345: u 92/15
346: u 93/15
347: u 94/15
348: u 95/15
349: u 96/15
350: u 97/15
351: u 97/16
352: u 97/17
353: v 97/18
354: v 97/19
355: v 97/20
356: v 97/21
357: v 97/22
358: v 97/23
359: v 97/24
360: v 96/24
361: v 95/24
362: v 94/24
363: w 93/24
364: w 92/24
365: w 92/25
366: w 92/26
367: w 91/26
368: w 90/26
369: w 89/26
370: w 89/25
371: w 89/24
372: w 88/24
373: w 88/23
374: w 88/22
375: x 88/21
376: x 89/21
377: y 90/21
378: z 90/20
379: z 89/20
380: z 88/20
dist: 380
thilo@Thilos-MBP day12 % 