799000
800000
Path found:
#●########################################################################################################################
#●.......................................................................................................................#
#●●●●●...................................................................................................................#
#.●..●●..................................................................................................................#
#.....●●●●●●●●●●.........................................................................................................#
#.......●●...●.●.........................................................................................................#
#.......●......●.........................................................................................................#
#.......●......●●........................................................................................................#
#...............●........................................................................................................#
#...............●●●●.....................................................................................................#
#.................●...●●●●●..............................................................................................#
#.................●●●●●...●..............................................................................................#
#.........................●........●●●...................................................................................#
#.........................●●.......●.●●...............................................................●..................#
#..........................●●●.●●●●●..●●●●..●●●●●.....................................................●●●●.●●............#
#............................●●●.........●●●●..●●●●●●●................................................●..●●●●............#
#....................................................●●●..........................................●●●●●....●●●...........#
#......................................................●.....................................●●...●●.........●...........#
#......................................................●●●●●●.............................●●●●●●●●●.........●●...........#
#...........................................................●............................●●●●●..............●●●●●........#
#...........................................................●....................●...●●●●●.....................●●........#
#...........................................................●●●●●...............●●●●●●●.........................●........#
#...............................................................●........●●●●●●●●...............................●●●●●●●●●#
#...............................................................●●●●●....●.....●●.......................................●#
#..................................................................●●...●●.....●●●●.....................................●#
#..................................................................●●●●●●......●.●●.....................................●#
########################################################################################################################●#
dist: 600 minutes
search nodes expanded: 804237
thilo@Thilos-MBP day24 % 