1614000
1615000
Path found:
#●########################################################################################################################
#●.......................................................................................................................#
#●●●●●...................................................................................................................#
#.●..●●..................................................................................................................#
#.....●●●●●●●●●●.........................................................................................................#
#.......●●...●.●.........................................................................................................#
#.......●......●.........................................................................................................#
#.......●......●●........................................................................................................#
#...............●........................................................................................................#
#...............●●●●.....................................................................................................#
#.................●...●●●●●..............................................................................................#
#.................●●●●●...●..............................................................................................#
#.........................●........●●●...................................................................................#
#.........................●●.......●.●●...............................................................●..................#
#..........................●●●.●●●●●..●●●●..●●●●●.....................................................●●●●.●●............#
#............................●●●.........●●●●..●●●●●●●................................................●..●●●●............#
#....................................................●●●..........................................●●●●●....●●●...........#
#......................................................●.....................................●●...●●.........●...........#
#......................................................●●●●●●.............................●●●●●●●●●.........●●...........#
#...........................................................●............................●●●●●..............●●●●●........#
#...........................................................●....................●...●●●●●.....................●●........#
#...........................................................●●●●●...............●●●●●●●.........................●........#
#...............................................................●........●●●●●●●●...............................●●●●●●●●●#
#...............................................................●●●●●....●.....●●.......................................●#
#..................................................................●●...●●.....●●●●.....................................●#
#..................................................................●●●●●●......●.●●.....................................●#
########################################################################################################################●#
dist: 1000 minutes
search nodes expanded: 1616522
thilo@Thilos-MBP day24 % 