186000
187000
Path found:
#●########################################################################################################################
#●.......................................................................................................................#
#●●●●●...................................................................................................................#
#.●..●●..................................................................................................................#
#.....●●●●●●●●●●.........................................................................................................#
#.......●●...●.●.........................................................................................................#
#.......●......●.........................................................................................................#
#.......●......●●........................................................................................................#
#...............●........................................................................................................#
#...............●●●●.....................................................................................................#
#.................●...●●●●●..............................................................................................#
#.................●●●●●...●..............................................................................................#
#.........................●........●●●...................................................................................#
#.........................●●.......●.●●...............................................................●..................#
#..........................●●●.●●●●●..●●●●..●●●●●.....................................................●●●●.●●............#
#............................●●●.........●●●●..●●●●●●●................................................●..●●●●............#
#....................................................●●●..........................................●●●●●....●●●...........#
#......................................................●.....................................●●...●●.........●...........#
#......................................................●●●●●●.............................●●●●●●●●●.........●●...........#
#...........................................................●............................●●●●●..............●●●●●........#
#...........................................................●....................●...●●●●●.....................●●........#
#...........................................................●●●●●...............●●●●●●●.........................●........#
#...............................................................●........●●●●●●●●...............................●●●●●●●●●#
#...............................................................●●●●●....●.....●●.......................................●#
#..................................................................●●...●●.....●●●●.....................................●#
#..................................................................●●●●●●......●.●●.....................................●#
########################################################################################################################●#
dist: 300 minutes
search nodes expanded: 191765
thilo@Thilos-MBP day24 % 